{
  "RSpec": {
    "coverage": {
      "/Users/juancroca/Projects/ios/spec/support/controller_macros.rb": [
        1,
        1,
        0,
        0,
        0,
        0,
        0,
        0,
        null,
        null,
        null,
        1,
        6,
        10,
        10,
        10,
        10,
        10,
        10,
        10,
        null,
        null,
        null,
        1,
        6,
        6,
        6,
        6,
        6,
        6,
        6,
        6,
        null,
        null,
        null
      ],
      "/Users/juancroca/Projects/ios/spec/support/database_cleaner.rb": [
        1,
        null,
        1,
        1,
        1,
        null,
        null,
        1,
        22,
        null,
        null,
        1,
        0,
        null,
        null,
        1,
        22,
        null,
        null,
        1,
        22,
        null,
        null
      ],
      "/Users/juancroca/Projects/ios/spec/support/devise.rb": [
        1,
        null,
        1,
        1,
        1,
        null
      ],
      "/Users/juancroca/Projects/ios/spec/support/factory_girl.rb": [
        1,
        null,
        null,
        1,
        0,
        0,
        null,
        null,
        1,
        1,
        null
      ],
      "/Users/juancroca/Projects/ios/spec/controllers/registrations_controller_spec.rb": [
        1,
        null,
        1,
        1,
        1,
        13,
        null,
        null,
        1,
        10,
        null,
        null,
        1,
        5,
        null,
        null,
        1,
        6,
        null,
        null,
        1,
        7,
        null,
        null,
        1,
        10,
        null,
        null,
        1,
        14,
        null,
        null,
        1,
        null,
        null,
        1,
        10,
        5,
        5,
        4,
        null,
        1,
        null,
        null,
        null,
        1,
        1,
        1,
        1,
        1,
        1,
        null,
        null,
        null,
        1,
        1,
        1,
        1,
        null,
        null,
        null,
        1,
        1,
        1,
        1,
        1,
        1,
        null,
        null,
        null,
        null,
        1,
        1,
        1,
        1,
        1,
        1,
        null,
        null,
        null,
        1,
        1,
        1,
        1,
        null,
        null,
        null,
        1,
        1,
        1,
        1,
        1,
        null,
        null,
        null,
        null,
        1,
        1,
        1,
        1,
        1,
        1,
        null,
        null,
        null,
        1,
        1,
        1,
        1,
        null,
        null,
        null,
        1,
        1,
        1,
        1,
        1,
        null,
        null,
        null,
        null,
        1,
        1,
        1,
        1,
        1,
        1,
        null,
        null,
        null,
        1,
        1,
        1,
        1,
        null,
        null,
        null,
        1,
        1,
        1,
        1,
        1,
        null,
        null,
        null,
        null,
        1,
        1,
        1,
        1,
        1,
        1,
        null,
        null,
        null,
        1,
        1,
        1,
        1,
        null,
        null,
        null,
        1,
        1,
        1,
        1,
        1,
        1,
        null,
        null,
        null,
        1,
        1,
        1,
        1,
        null,
        null,
        1,
        1,
        1,
        null,
        null,
        null,
        null,
        null,
        null,
        null,
        null,
        null,
        null,
        null,
        null,
        null,
        null,
        null,
        null,
        null,
        1,
        1,
        1,
        1,
        null,
        null,
        1,
        1,
        1,
        1,
        1,
        null,
        null,
        null,
        1,
        1,
        1,
        1,
        null,
        null,
        null,
        1,
        1,
        1,
        1,
        1,
        1,
        1,
        null,
        null,
        1,
        1,
        1,
        null,
        null,
        1,
        1,
        1,
        null,
        null,
        null,
        null,
        null,
        null,
        null,
        null,
        null,
        null,
        null,
        null,
        null,
        null,
        null,
        null,
        null,
        null
      ],
      "/Users/juancroca/Projects/ios/spec/rails_helper.rb": [
        null,
        1,
        1,
        null,
        1,
        1,
        1,
        null,
        null,
        null,
        null,
        null,
        null,
        null,
        null,
        null,
        null,
        null,
        null,
        null,
        null,
        null,
        null,
        null,
        null,
        null,
        1,
        null,
        1,
        null,
        1,
        null,
        null,
        null,
        null,
        1,
        null,
        null,
        null,
        null,
        null,
        null,
        null,
        null,
        null,
        null,
        null,
        null,
        null,
        null,
        1,
        null
      ],
      "/Users/juancroca/Projects/ios/spec/factories/courses.rb": [
        1,
        1,
        43,
        43,
        43,
        43,
        null,
        1,
        1,
        null,
        null,
        1,
        1,
        null,
        1,
        29,
        29,
        29,
        null,
        null,
        null,
        1,
        1,
        1,
        null,
        1,
        0,
        null,
        null,
        null,
        1,
        1,
        1,
        null,
        1,
        0,
        0,
        null,
        null,
        null,
        null,
        1,
        1,
        1,
        null,
        1,
        0,
        null,
        null,
        null,
        1,
        1,
        null,
        null,
        1,
        1,
        null,
        null,
        1,
        1,
        1,
        1,
        1,
        null,
        null,
        null
      ],
      "/Users/juancroca/Projects/ios/spec/factories/groups.rb": [
        1,
        1,
        1,
        1,
        1,
        1,
        1,
        null,
        1,
        1,
        1,
        null,
        1,
        0,
        0,
        null,
        null,
        null,
        null,
        1,
        null,
        null,
        1,
        1,
        1,
        null,
        null,
        null,
        null
      ],
      "/Users/juancroca/Projects/ios/spec/factories/jobs.rb": [
        1,
        1,
        1,
        1,
        null,
        1,
        0,
        0,
        0,
        null,
        null,
        null,
        null,
        null
      ],
      "/Users/juancroca/Projects/ios/spec/factories/registrations.rb": [
        1,
        1,
        1,
        18,
        18,
        1,
        1,
        null,
        1,
        1,
        1,
        null,
        1,
        0,
        0,
        0,
        0,
        0,
        null,
        null,
        0,
        0,
        null,
        null,
        null,
        null,
        null,
        1,
        1,
        1,
        null,
        1,
        0,
        0,
        0,
        0,
        null,
        null,
        null,
        1,
        1,
        0,
        0,
        null,
        null,
        null,
        null,
        1,
        1,
        1,
        1,
        null,
        null,
        null,
        null
      ],
      "/Users/juancroca/Projects/ios/spec/factories/results.rb": [
        1,
        1,
        1,
        1,
        null,
        null
      ],
      "/Users/juancroca/Projects/ios/spec/factories/skill_scores.rb": [
        1,
        1,
        1,
        1,
        null,
        null,
        null
      ],
      "/Users/juancroca/Projects/ios/spec/factories/skills.rb": [
        1,
        1,
        1,
        null,
        null,
        null
      ],
      "/Users/juancroca/Projects/ios/spec/factories/supervisor_courses.rb": [
        1,
        1,
        1,
        null,
        null,
        null
      ],
      "/Users/juancroca/Projects/ios/spec/factories/users.rb": [
        1,
        1,
        5,
        5,
        null,
        1,
        36,
        36,
        null,
        null,
        1,
        14,
        14,
        null,
        null,
        null,
        null
      ],
      "/Users/juancroca/Projects/ios/app/models/user.rb": [
        1,
        null,
        null,
        1,
        1,
        1,
        1,
        1,
        null,
        1,
        null,
        1,
        104,
        null,
        null,
        1,
        52,
        null,
        null,
        null
      ],
      "/Users/juancroca/Projects/ios/app/helpers/application_helper.rb": [
        1,
        null
      ],
      "/Users/juancroca/Projects/ios/app/helpers/courses_helper.rb": [
        1,
        null
      ],
      "/Users/juancroca/Projects/ios/app/helpers/signup_helper.rb": [
        1,
        null
      ],
      "/Users/juancroca/Projects/ios/app/helpers/users/registrations_helper.rb": [
        1,
        null
      ],
      "/Users/juancroca/Projects/ios/app/helpers/users/sessions_helper.rb": [
        1,
        null
      ],
      "/Users/juancroca/Projects/ios/app/controllers/registrations_controller.rb": [
        1,
        1,
        1,
        1,
        1,
        null,
        null,
        null,
        1,
        1,
        null,
        null,
        null,
        null,
        1,
        1,
        null,
        null,
        null,
        1,
        1,
        1,
        null,
        null,
        null,
        1,
        1,
        1,
        null,
        null,
        null,
        null,
        1,
        3,
        3,
        3,
        3,
        3,
        6,
        3,
        null,
        0,
        0,
        null,
        null,
        null,
        null,
        null,
        null,
        1,
        3,
        3,
        6,
        3,
        null,
        0,
        0,
        null,
        null,
        null,
        null,
        1,
        null,
        1,
        5,
        null,
        null,
        1,
        6,
        5,
        null,
        6,
        1,
        null,
        6,
        null,
        null,
        null,
        1,
        6,
        null,
        null,
        null
      ],
      "/Users/juancroca/Projects/ios/app/controllers/application_controller.rb": [
        1,
        null,
        null,
        null,
        1,
        null,
        1,
        3,
        null,
        null,
        1,
        15,
        null,
        null,
        1,
        6,
        null,
        null,
        1,
        19,
        null,
        null,
        1,
        49,
        null,
        null,
        1,
        24,
        null,
        null,
        1,
        0,
        null,
        null,
        1,
        1,
        12,
        null,
        null,
        null
      ],
      "/Users/juancroca/Projects/ios/app/models/course.rb": [
        1,
        1,
        1,
        1,
        1,
        1,
        1,
        1,
        null,
        1,
        null,
        1,
        null,
        1,
        1,
        1,
        null,
        1,
        null,
        1,
        1,
        null,
        10,
        1,
        1,
        null,
        1,
        null,
        1,
        0,
        null,
        null,
        1,
        0,
        null,
        null,
        1,
        6,
        null,
        null,
        1,
        0,
        0,
        0,
        null,
        0,
        0,
        0,
        0,
        null,
        null,
        null,
        1,
        0,
        0,
        0,
        null,
        null,
        null,
        0,
        0,
        0,
        0,
        0,
        0,
        0,
        0,
        0,
        null,
        0,
        null,
        0,
        null,
        null,
        1,
        null,
        1,
        0,
        0,
        0,
        0,
        null,
        null,
        null,
        1,
        42,
        42,
        42,
        null,
        null
      ],
      "/Users/juancroca/Projects/ios/app/models/group.rb": [
        1,
        1,
        1,
        1,
        1,
        1,
        1,
        1,
        null,
        1,
        null,
        1,
        0,
        0,
        0,
        0,
        0,
        0,
        null,
        null,
        null,
        1,
        1,
        0,
        null,
        null,
        null
      ],
      "/Users/juancroca/Projects/ios/app/models/supervisor_course.rb": [
        1,
        1,
        1,
        null
      ],
      "/Users/juancroca/Projects/ios/app/models/registration.rb": [
        1,
        1,
        1,
        1,
        null,
        1,
        null,
        1,
        1,
        null,
        null,
        1,
        1,
        1,
        0,
        null,
        null,
        null,
        null,
        1,
        0,
        null,
        null,
        1,
        0,
        null,
        null,
        1,
        0,
        0,
        0,
        0,
        0,
        0,
        0,
        null,
        null,
        null
      ],
      "/Users/juancroca/Projects/ios/app/models/skill_score.rb": [
        1,
        1,
        1,
        null
      ],
      "/Users/juancroca/Projects/ios/app/models/skill.rb": [
        1,
        1,
        null
      ]
    },
    "timestamp": 1436378598
  }
}
