{
  "RSpec": {
    "coverage": {
      "/Users/juancroca/Projects/ios/spec/support/controller_macros.rb": [
        1,
        1,
        0,
        0,
        0,
        0,
        0,
        0,
        null,
        null,
        null,
        1,
        3,
        4,
        4,
        4,
        4,
        4,
        4,
        4,
        null,
        null,
        null,
        1,
        3,
        8,
        8,
        8,
        8,
        8,
        8,
        8,
        null,
        null,
        null
      ],
      "/Users/juancroca/Projects/ios/spec/support/database_cleaner.rb": [
        1,
        null,
        1,
        1,
        1,
        null,
        null,
        1,
        15,
        null,
        null,
        1,
        0,
        null,
        null,
        1,
        15,
        null,
        null,
        1,
        15,
        null,
        null
      ],
      "/Users/juancroca/Projects/ios/spec/support/devise.rb": [
        1,
        null,
        1,
        1,
        1,
        null
      ],
      "/Users/juancroca/Projects/ios/spec/support/factory_girl.rb": [
        1,
        null,
        null,
        1,
        0,
        0,
        null,
        null,
        1,
        1,
        null
      ],
      "/Users/juancroca/Projects/ios/spec/controllers/courses_controller_spec.rb": [
        1,
        null,
        null,
        1,
        1,
        1,
        1,
        null,
        null,
        1,
        4,
        null,
        null,
        1,
        2,
        null,
        null,
        1,
        1,
        1,
        1,
        1,
        1,
        null,
        null,
        1,
        1,
        1,
        1,
        null,
        1,
        1,
        null,
        null,
        null,
        1,
        1,
        1,
        1,
        null,
        null,
        null,
        1,
        1,
        1,
        1,
        1,
        null,
        null,
        1,
        1,
        null,
        1,
        1,
        null,
        null,
        null,
        null,
        1,
        1,
        1,
        1,
        1,
        1,
        null,
        null,
        null,
        1,
        1,
        1,
        1,
        1,
        null,
        null,
        null,
        1,
        1,
        1,
        1,
        null,
        null,
        null,
        null,
        1,
        1,
        1,
        1,
        1,
        1,
        null,
        null,
        null,
        1,
        1,
        1,
        1,
        null,
        null,
        1,
        1,
        1,
        1,
        1,
        null,
        null,
        1,
        1,
        1,
        1,
        1,
        null,
        null,
        1,
        1,
        1,
        null,
        null,
        1,
        1,
        1,
        null,
        null,
        null,
        1,
        1,
        1,
        1,
        null,
        null,
        1,
        1,
        1,
        null,
        null,
        null,
        null,
        null,
        null
      ],
      "/Users/juancroca/Projects/ios/spec/rails_helper.rb": [
        null,
        1,
        1,
        null,
        1,
        1,
        1,
        null,
        null,
        null,
        null,
        null,
        null,
        null,
        null,
        null,
        null,
        null,
        null,
        null,
        null,
        null,
        null,
        null,
        null,
        null,
        1,
        null,
        1,
        null,
        1,
        null,
        null,
        null,
        null,
        1,
        null,
        null,
        null,
        null,
        null,
        null,
        null,
        null,
        null,
        null,
        null,
        null,
        null,
        null,
        1,
        null
      ],
      "/Users/juancroca/Projects/ios/spec/factories/courses.rb": [
        1,
        1,
        45,
        45,
        45,
        45,
        null,
        1,
        1,
        null,
        1,
        40,
        40,
        40,
        null,
        null,
        null,
        1,
        1,
        1,
        null,
        1,
        0,
        null,
        null,
        null,
        1,
        1,
        1,
        null,
        1,
        0,
        0,
        null,
        null,
        null,
        null,
        1,
        1,
        1,
        null,
        1,
        0,
        null,
        null,
        null,
        1,
        1,
        null,
        null,
        1,
        1,
        null,
        null,
        1,
        1,
        1,
        1,
        1,
        null,
        null,
        null
      ],
      "/Users/juancroca/Projects/ios/spec/factories/groups.rb": [
        1,
        1,
        27,
        1,
        1,
        1,
        1,
        null,
        1,
        1,
        1,
        null,
        1,
        0,
        0,
        null,
        null,
        null,
        null,
        1,
        null,
        null,
        1,
        1,
        1,
        null,
        null,
        null,
        null
      ],
      "/Users/juancroca/Projects/ios/spec/factories/jobs.rb": [
        1,
        1,
        1,
        1,
        null,
        1,
        6,
        25,
        25,
        null,
        null,
        null,
        null,
        null
      ],
      "/Users/juancroca/Projects/ios/spec/factories/registrations.rb": [
        1,
        1,
        1,
        1,
        null,
        1,
        1,
        1,
        null,
        1,
        0,
        0,
        0,
        0,
        0,
        null,
        null,
        0,
        0,
        null,
        null,
        null,
        null,
        null,
        1,
        1,
        1,
        null,
        1,
        0,
        0,
        0,
        0,
        null,
        null,
        null,
        1,
        1,
        0,
        0,
        null,
        null,
        null,
        null,
        1,
        1,
        1,
        1,
        null,
        null,
        null,
        null
      ],
      "/Users/juancroca/Projects/ios/spec/factories/results.rb": [
        1,
        1,
        1,
        1,
        null,
        null
      ],
      "/Users/juancroca/Projects/ios/spec/factories/skill_scores.rb": [
        1,
        1,
        1,
        1,
        null,
        null,
        null
      ],
      "/Users/juancroca/Projects/ios/spec/factories/skills.rb": [
        1,
        1,
        1,
        null,
        null,
        null
      ],
      "/Users/juancroca/Projects/ios/spec/factories/supervisor_courses.rb": [
        1,
        1,
        1,
        null,
        null,
        null
      ],
      "/Users/juancroca/Projects/ios/spec/factories/users.rb": [
        1,
        1,
        26,
        26,
        null,
        1,
        49,
        49,
        null,
        null,
        1,
        5,
        5,
        null,
        null,
        null,
        null
      ],
      "/Users/juancroca/Projects/ios/app/models/user.rb": [
        1,
        null,
        null,
        1,
        1,
        1,
        1,
        1,
        null,
        1,
        null,
        1,
        154,
        null,
        null,
        1,
        77,
        null,
        null,
        null
      ],
      "/Users/juancroca/Projects/ios/app/helpers/application_helper.rb": [
        1,
        null
      ],
      "/Users/juancroca/Projects/ios/app/helpers/courses_helper.rb": [
        1,
        null
      ],
      "/Users/juancroca/Projects/ios/app/helpers/signup_helper.rb": [
        1,
        null
      ],
      "/Users/juancroca/Projects/ios/app/helpers/users/registrations_helper.rb": [
        1,
        null
      ],
      "/Users/juancroca/Projects/ios/app/helpers/users/sessions_helper.rb": [
        1,
        null
      ],
      "/Users/juancroca/Projects/ios/app/controllers/courses_controller.rb": [
        1,
        1,
        1,
        1,
        1,
        null,
        null,
        1,
        null,
        1,
        4,
        2,
        2,
        null,
        null,
        4,
        2,
        2,
        null,
        null,
        null,
        null,
        1,
        null,
        null,
        null,
        null,
        null,
        null,
        1,
        5,
        5,
        6,
        3,
        null,
        4,
        2,
        null,
        null,
        null,
        null,
        1,
        0,
        0,
        0,
        null,
        null,
        0,
        null,
        null,
        null,
        null,
        1,
        1,
        8,
        8,
        0,
        null,
        null,
        null,
        1,
        2,
        2,
        0,
        null,
        null,
        null,
        1,
        1,
        1,
        null,
        null,
        1,
        5,
        null,
        null,
        null,
        null,
        null,
        null
      ],
      "/Users/juancroca/Projects/ios/app/controllers/application_controller.rb": [
        1,
        null,
        null,
        null,
        1,
        null,
        1,
        11,
        null,
        null,
        1,
        23,
        null,
        null,
        1,
        8,
        null,
        null,
        1,
        0,
        null,
        null,
        1,
        7,
        null,
        null,
        1,
        3,
        null,
        null,
        null
      ],
      "/Users/juancroca/Projects/ios/app/models/course.rb": [
        1,
        1,
        1,
        1,
        1,
        1,
        1,
        1,
        null,
        1,
        null,
        1,
        null,
        1,
        1,
        1,
        null,
        1,
        null,
        1,
        1,
        null,
        1,
        1,
        1,
        null,
        1,
        null,
        1,
        0,
        null,
        null,
        1,
        0,
        null,
        null,
        1,
        0,
        null,
        null,
        1,
        0,
        0,
        0,
        null,
        0,
        0,
        0,
        0,
        null,
        null,
        null,
        1,
        0,
        0,
        0,
        null,
        null,
        null,
        0,
        0,
        0,
        0,
        0,
        0,
        0,
        0,
        null,
        0,
        null,
        0,
        null,
        null,
        1,
        null,
        1,
        0,
        0,
        0,
        0,
        null,
        null,
        null,
        1,
        43,
        43,
        43,
        null,
        null
      ],
      "/Users/juancroca/Projects/ios/app/models/group.rb": [
        1,
        1,
        1,
        1,
        2,
        1,
        1,
        1,
        null,
        7,
        null,
        1,
        0,
        0,
        0,
        0,
        0,
        0,
        null,
        null,
        null,
        1,
        1,
        26,
        null,
        null,
        null
      ],
      "/Users/juancroca/Projects/ios/app/models/supervisor_course.rb": [
        1,
        1,
        1,
        null
      ],
      "/Users/juancroca/Projects/ios/app/models/registration.rb": [
        1,
        1,
        1,
        1,
        null,
        1,
        null,
        1,
        1,
        null,
        null,
        1,
        0,
        0,
        0,
        null,
        null,
        null,
        null,
        1,
        0,
        null,
        null,
        1,
        0,
        null,
        null,
        1,
        0,
        0,
        0,
        0,
        0,
        0,
        0,
        null,
        null,
        null
      ],
      "/Users/juancroca/Projects/ios/app/models/job.rb": [
        1,
        1,
        1,
        1,
        3,
        null,
        1,
        null,
        3,
        null,
        1,
        6,
        null,
        null,
        1,
        0,
        null,
        null,
        1,
        0,
        null,
        null,
        null
      ],
      "/Users/juancroca/Projects/ios/app/models/result.rb": [
        1,
        1,
        1,
        1,
        null
      ]
    },
    "timestamp": 1436220566
  }
}
